<?xml version="1.0" encoding="UTF-8"?>
<testng-results ignored="0" total="1" passed="1" failed="0" skipped="0">
  <reporter-output>
  </reporter-output>
  <suite started-at="2021-01-21T07:00:55Z" name="Default suite" finished-at="2021-01-21T07:01:19Z" duration-ms="24182">
    <groups>
    </groups>
    <test started-at="2021-01-21T07:00:55Z" name="Default test" finished-at="2021-01-21T07:01:19Z" duration-ms="24182">
      <class name="testScripts.Test0001">
        <test-method is-config="true" signature="executeBeforeTest()[pri:0, instance:testScripts.Test0001@f14a7d4]" started-at="2021-01-21T12:30:55Z" name="executeBeforeTest" finished-at="2021-01-21T12:30:58Z" duration-ms="2493" status="PASS">
          <reporter-output>
          </reporter-output>
        </test-method> <!-- executeBeforeTest -->
        <test-method signature="marriottLogin()[pri:1, instance:testScripts.Test0001@f14a7d4]" started-at="2021-01-21T12:30:58Z" name="marriottLogin" finished-at="2021-01-21T12:31:19Z" duration-ms="21543" status="PASS">
          <reporter-output>
          </reporter-output>
        </test-method> <!-- marriottLogin -->
        <test-method is-config="true" signature="afetrExecution()[pri:0, instance:testScripts.Test0001@f14a7d4]" started-at="2021-01-21T12:31:19Z" name="afetrExecution" finished-at="2021-01-21T12:31:19Z" duration-ms="131" status="PASS">
          <reporter-output>
          </reporter-output>
        </test-method> <!-- afetrExecution -->
      </class> <!-- testScripts.Test0001 -->
    </test> <!-- Default test -->
  </suite> <!-- Default suite -->
</testng-results>
