<?xml version="1.0" encoding="UTF-8"?>
<testng-results ignored="0" total="1" passed="1" failed="0" skipped="0">
  <reporter-output>
  </reporter-output>
  <suite started-at="2021-01-26T07:29:33Z" name="Default suite" finished-at="2021-01-26T07:29:36Z" duration-ms="3840">
    <groups>
    </groups>
    <test started-at="2021-01-26T07:29:33Z" name="Default test" finished-at="2021-01-26T07:29:36Z" duration-ms="3840">
      <class name="restassured.API_Automation">
        <test-method is-config="true" signature="beforeMethod()[pri:0, instance:restassured.API_Automation@658c5a19]" started-at="2021-01-26T12:59:33Z" name="beforeMethod" finished-at="2021-01-26T12:59:34Z" duration-ms="1323" status="PASS">
          <reporter-output>
          </reporter-output>
        </test-method> <!-- beforeMethod -->
        <test-method signature="getDetails()[pri:0, instance:restassured.API_Automation@658c5a19]" started-at="2021-01-26T12:59:34Z" name="getDetails" finished-at="2021-01-26T12:59:36Z" duration-ms="2486" status="PASS">
          <reporter-output>
          </reporter-output>
        </test-method> <!-- getDetails -->
      </class> <!-- restassured.API_Automation -->
    </test> <!-- Default test -->
  </suite> <!-- Default suite -->
</testng-results>
