<?xml version="1.0" encoding="UTF-8"?>
<testng-results ignored="0" total="1" passed="1" failed="0" skipped="0">
  <reporter-output>
  </reporter-output>
  <suite started-at="2021-01-28T06:12:33Z" name="Default suite" finished-at="2021-01-28T06:13:14Z" duration-ms="40127">
    <groups>
    </groups>
    <test started-at="2021-01-28T06:12:33Z" name="Default test" finished-at="2021-01-28T06:13:14Z" duration-ms="40127">
      <class name="testRunner.TestRunner01">
        <test-method is-config="true" signature="startSession()[pri:0, instance:testRunner.TestRunner01@1151e434]" started-at="2021-01-28T11:42:33Z" name="startSession" finished-at="2021-01-28T11:43:13Z" duration-ms="39220" status="PASS">
          <reporter-output>
          </reporter-output>
        </test-method> <!-- startSession -->
        <test-method signature="Test001()[pri:0, instance:testRunner.TestRunner01@1151e434]" started-at="2021-01-28T11:43:13Z" name="Test001" finished-at="2021-01-28T11:43:13Z" duration-ms="28" status="PASS">
          <reporter-output>
          </reporter-output>
        </test-method> <!-- Test001 -->
        <test-method is-config="true" signature="closeSession()[pri:0, instance:testRunner.TestRunner01@1151e434]" started-at="2021-01-28T11:43:13Z" name="closeSession" finished-at="2021-01-28T11:43:14Z" duration-ms="580" status="PASS">
          <reporter-output>
          </reporter-output>
        </test-method> <!-- closeSession -->
      </class> <!-- testRunner.TestRunner01 -->
    </test> <!-- Default test -->
  </suite> <!-- Default suite -->
</testng-results>
