<?xml version="1.0" encoding="UTF-8"?>
<!-- Generated by org.testng.reporters.JUnitXMLReporter -->
<testsuite ignored="0" hostname="macbooks-MacBook-Pro.local" failures="0" tests="1" name="EdgeTest" time="5.769" errors="0" timestamp="25 Jan 2021 06:34:12 GMT">
  <testcase classname="testScripts.HomePageE2E" name="@BeforeMethod startSession" time="0.0">
    <failure type="org.openqa.selenium.SessionNotCreatedException" message="session not created: This version of MSEdgeDriver only supports MSEdge version 89
Current browser version is 88.0.705.50 with binary path /Applications/Microsoft Edge.app/Contents/MacOS/Microsoft Edge
Build info: version: &amp;apos;3.141.59&amp;apos;, revision: &amp;apos;e82be7d358&amp;apos;, time: &amp;apos;2018-11-14T08:17:03&amp;apos;
System info: host: &amp;apos;macbooks-MacBook-Pro.local&amp;apos;, ip: &amp;apos;fe80:0:0:0:1ccf:2d74:887:c5bf%en0&amp;apos;, os.name: &amp;apos;Mac OS X&amp;apos;, os.arch: &amp;apos;x86_64&amp;apos;, os.version: &amp;apos;10.15.7&amp;apos;, java.version: &amp;apos;15.0.1&amp;apos;
Driver info: driver.version: EdgeDriver
remote stacktrace: 0   msedgedriver                        0x000000010bffdd09 msedgedriver + 9153801
1   msedgedriver                        0x000000010bfd5263 msedgedriver + 8987235
2   msedgedriver                        0x000000010b769683 msedgedriver + 157315
3   msedgedriver                        0x000000010b78fbb6 msedgedriver + 314294
4   msedgedriver                        0x000000010b78bdcb msedgedriver + 298443
5   msedgedriver                        0x000000010b78864b msedgedriver + 284235
6   msedgedriver                        0x000000010b7bba34 msedgedriver + 494132
7   msedgedriver                        0x000000010b7b6a53 msedgedriver + 473683
8   msedgedriver                        0x000000010b791cf8 msedgedriver + 322808
9   msedgedriver                        0x000000010b792c37 msedgedriver + 326711
10  msedgedriver                        0x000000010b9c51c9 msedgedriver + 2630089
11  msedgedriver                        0x000000010b9ce2dd msedgedriver + 2667229
12  msedgedriver                        0x000000010b9cdf7b msedgedriver + 2666363
13  msedgedriver                        0x000000010b9b1b02 msedgedriver + 2550530
14  msedgedriver                        0x000000010b9cee97 msedgedriver + 2670231
15  msedgedriver                        0x000000010bfe1938 msedgedriver + 9038136
16  msedgedriver                        0x000000010b9deda3 msedgedriver + 2735523
17  msedgedriver                        0x000000010c001448 msedgedriver + 9167944
18  libsystem_pthread.dylib             0x00007fff68f10109 _pthread_start + 148
19  libsystem_pthread.dylib             0x00007fff68f0bb8b thread_start + 15
">
      <![CDATA[org.openqa.selenium.SessionNotCreatedException: session not created: This version of MSEdgeDriver only supports MSEdge version 89
Current browser version is 88.0.705.50 with binary path /Applications/Microsoft Edge.app/Contents/MacOS/Microsoft Edge
Build info: version: '3.141.59', revision: 'e82be7d358', time: '2018-11-14T08:17:03'
System info: host: 'macbooks-MacBook-Pro.local', ip: 'fe80:0:0:0:1ccf:2d74:887:c5bf%en0', os.name: 'Mac OS X', os.arch: 'x86_64', os.version: '10.15.7', java.version: '15.0.1'
Driver info: driver.version: EdgeDriver
remote stacktrace: 0   msedgedriver                        0x000000010bffdd09 msedgedriver + 9153801
1   msedgedriver                        0x000000010bfd5263 msedgedriver + 8987235
2   msedgedriver                        0x000000010b769683 msedgedriver + 157315
3   msedgedriver                        0x000000010b78fbb6 msedgedriver + 314294
4   msedgedriver                        0x000000010b78bdcb msedgedriver + 298443
5   msedgedriver                        0x000000010b78864b msedgedriver + 284235
6   msedgedriver                        0x000000010b7bba34 msedgedriver + 494132
7   msedgedriver                        0x000000010b7b6a53 msedgedriver + 473683
8   msedgedriver                        0x000000010b791cf8 msedgedriver + 322808
9   msedgedriver                        0x000000010b792c37 msedgedriver + 326711
10  msedgedriver                        0x000000010b9c51c9 msedgedriver + 2630089
11  msedgedriver                        0x000000010b9ce2dd msedgedriver + 2667229
12  msedgedriver                        0x000000010b9cdf7b msedgedriver + 2666363
13  msedgedriver                        0x000000010b9b1b02 msedgedriver + 2550530
14  msedgedriver                        0x000000010b9cee97 msedgedriver + 2670231
15  msedgedriver                        0x000000010bfe1938 msedgedriver + 9038136
16  msedgedriver                        0x000000010b9deda3 msedgedriver + 2735523
17  msedgedriver                        0x000000010c001448 msedgedriver + 9167944
18  libsystem_pthread.dylib             0x00007fff68f10109 _pthread_start + 148
19  libsystem_pthread.dylib             0x00007fff68f0bb8b thread_start + 15

	at org.openqa.selenium.remote.W3CHandshakeResponse.lambda$errorHandler$0(W3CHandshakeResponse.java:62)
	at org.openqa.selenium.remote.HandshakeResponse.lambda$getResponseFunction$0(HandshakeResponse.java:30)
	at org.openqa.selenium.remote.ProtocolHandshake.lambda$createSession$0(ProtocolHandshake.java:126)
	at java.base/java.util.stream.ReferencePipeline$3$1.accept(ReferencePipeline.java:195)
	at java.base/java.util.Spliterators$ArraySpliterator.tryAdvance(Spliterators.java:958)
	at java.base/java.util.stream.ReferencePipeline.forEachWithCancel(ReferencePipeline.java:127)
	at java.base/java.util.stream.AbstractPipeline.copyIntoWithCancel(AbstractPipeline.java:502)
	at java.base/java.util.stream.AbstractPipeline.copyInto(AbstractPipeline.java:488)
	at java.base/java.util.stream.AbstractPipeline.wrapAndCopyInto(AbstractPipeline.java:474)
	at java.base/java.util.stream.FindOps$FindOp.evaluateSequential(FindOps.java:150)
	at java.base/java.util.stream.AbstractPipeline.evaluate(AbstractPipeline.java:234)
	at java.base/java.util.stream.ReferencePipeline.findFirst(ReferencePipeline.java:543)
	at org.openqa.selenium.remote.ProtocolHandshake.createSession(ProtocolHandshake.java:128)
	at org.openqa.selenium.remote.ProtocolHandshake.createSession(ProtocolHandshake.java:74)
	at org.openqa.selenium.remote.HttpCommandExecutor.execute(HttpCommandExecutor.java:136)
	at org.openqa.selenium.remote.service.DriverCommandExecutor.execute(DriverCommandExecutor.java:83)
	at org.openqa.selenium.remote.RemoteWebDriver.execute(RemoteWebDriver.java:552)
	at org.openqa.selenium.remote.RemoteWebDriver.startSession(RemoteWebDriver.java:213)
	at org.openqa.selenium.remote.RemoteWebDriver.<init>(RemoteWebDriver.java:131)
	at org.openqa.selenium.edge.EdgeDriver.<init>(EdgeDriver.java:141)
	at org.openqa.selenium.edge.EdgeDriver.<init>(EdgeDriver.java:96)
	at reusables.ProjectReusables.launchBrowser(ProjectReusables.java:36)
	at testScripts.HomePageE2E.startSession(HomePageE2E.java:22)
	at java.base/java.util.concurrent.FutureTask.run(FutureTask.java:264)
	at java.base/java.util.concurrent.ThreadPoolExecutor.runWorker(ThreadPoolExecutor.java:1130)
	at java.base/java.util.concurrent.ThreadPoolExecutor$Worker.run(ThreadPoolExecutor.java:630)
	at java.base/java.lang.Thread.run(Thread.java:832)
... Removed 23 stack frames]]>
    </failure>
  </testcase> <!-- @BeforeMethod startSession -->
  <testcase classname="testScripts.HomePageE2E" name="@AfterMethod closeSession" time="0.0">
    <skipped/>
  </testcase> <!-- @AfterMethod closeSession -->
  <testcase classname="testScripts.HomePageE2E" name="positiveScenario01" time="0.001">
    <skipped/>
  </testcase> <!-- positiveScenario01 -->
</testsuite> <!-- EdgeTest -->
